
AVRASM ver. 2.1.30  C:\Users\Masih Roughani\OneDrive\Desktop\CodeVision\Debug\List\USART.asm Sun Apr 13 05:57:10 2025

C:\Users\Masih Roughani\OneDrive\Desktop\CodeVision\Debug\List\USART.asm(1088): warning: Register r5 already defined by the .DEF directive
C:\Users\Masih Roughani\OneDrive\Desktop\CodeVision\Debug\List\USART.asm(1089): warning: Register r4 already defined by the .DEF directive
C:\Users\Masih Roughani\OneDrive\Desktop\CodeVision\Debug\List\USART.asm(1090): warning: Register r7 already defined by the .DEF directive
C:\Users\Masih Roughani\OneDrive\Desktop\CodeVision\Debug\List\USART.asm(1091): warning: Register r6 already defined by the .DEF directive
C:\Users\Masih Roughani\OneDrive\Desktop\CodeVision\Debug\List\USART.asm(1092): warning: Register r9 already defined by the .DEF directive
C:\Users\Masih Roughani\OneDrive\Desktop\CodeVision\Debug\List\USART.asm(1093): warning: Register r8 already defined by the .DEF directive
C:\Users\Masih Roughani\OneDrive\Desktop\CodeVision\Debug\List\USART.asm(1094): warning: Register r11 already defined by the .DEF directive
C:\Users\Masih Roughani\OneDrive\Desktop\CodeVision\Debug\List\USART.asm(1095): warning: Register r10 already defined by the .DEF directive
C:\Users\Masih Roughani\OneDrive\Desktop\CodeVision\Debug\List\USART.asm(1096): warning: Register r13 already defined by the .DEF directive
                 
                 
                 ;CodeVisionAVR C Compiler V3.14 Advanced
                 ;(C) Copyright 1998-2014 Pavel Haiduc, HP InfoTech s.r.l.
                 ;http://www.hpinfotech.com
                 
                 ;Build configuration    : Debug
                 ;Chip type              : ATmega16
                 ;Program type           : Application
                 ;Clock frequency        : 1.000000 MHz
                 ;Memory model           : Small
                 ;Optimize for           : Size
                 ;(s)printf features     : int, width
                 ;(s)scanf features      : int, width
                 ;External RAM size      : 0
                 ;Data Stack size        : 256 byte(s)
                 ;Heap size              : 0 byte(s)
                 ;Promote 'char' to 'int': Yes
                 ;'char' is unsigned     : Yes
                 ;8 bit enums            : Yes
                 ;Global 'const' stored in FLASH: Yes
                 ;Enhanced function parameter passing: Yes
                 ;Enhanced core instructions: On
                 ;Automatic register allocation for global variables: On
                 ;Smart register allocation: On
                 
                 	#define _MODEL_SMALL_
                 
                 	#pragma AVRPART ADMIN PART_NAME ATmega16
                 	#pragma AVRPART MEMORY PROG_FLASH 16384
                 	#pragma AVRPART MEMORY EEPROM 512
                 	#pragma AVRPART MEMORY INT_SRAM SIZE 1024
                 	#pragma AVRPART MEMORY INT_SRAM START_ADDR 0x60
                 
                 	#define CALL_SUPPORTED 1
                 
                 	.LISTMAC
                 	.EQU UDRE=0x5
                 	.EQU RXC=0x7
                 	.EQU USR=0xB
                 	.EQU UDR=0xC
                 	.EQU SPSR=0xE
                 	.EQU SPDR=0xF
                 	.EQU EERE=0x0
                 	.EQU EEWE=0x1
                 	.EQU EEMWE=0x2
                 	.EQU EECR=0x1C
                 	.EQU EEDR=0x1D
                 	.EQU EEARL=0x1E
                 	.EQU EEARH=0x1F
                 	.EQU WDTCR=0x21
                 	.EQU MCUCR=0x35
                 	.EQU GICR=0x3B
                 	.EQU SPL=0x3D
                 	.EQU SPH=0x3E
                 	.EQU SREG=0x3F
                 
                 	.DEF R0X0=R0
                 	.DEF R0X1=R1
                 	.DEF R0X2=R2
                 	.DEF R0X3=R3
                 	.DEF R0X4=R4
                 	.DEF R0X5=R5
                 	.DEF R0X6=R6
                 	.DEF R0X7=R7
                 	.DEF R0X8=R8
                 	.DEF R0X9=R9
                 	.DEF R0XA=R10
                 	.DEF R0XB=R11
                 	.DEF R0XC=R12
                 	.DEF R0XD=R13
                 	.DEF R0XE=R14
                 	.DEF R0XF=R15
                 	.DEF R0X10=R16
                 	.DEF R0X11=R17
                 	.DEF R0X12=R18
                 	.DEF R0X13=R19
                 	.DEF R0X14=R20
                 	.DEF R0X15=R21
                 	.DEF R0X16=R22
                 	.DEF R0X17=R23
                 	.DEF R0X18=R24
                 	.DEF R0X19=R25
                 	.DEF R0X1A=R26
                 	.DEF R0X1B=R27
                 	.DEF R0X1C=R28
                 	.DEF R0X1D=R29
                 	.DEF R0X1E=R30
                 	.DEF R0X1F=R31
                 
                 	.EQU __SRAM_START=0x0060
                 	.EQU __SRAM_END=0x045F
                 	.EQU __DSTACK_SIZE=0x0100
                 	.EQU __HEAP_SIZE=0x0000
                 	.EQU __CLEAR_SRAM_SIZE=__SRAM_END-__SRAM_START+1
                 
                 	.MACRO __CPD1N
                 	CPI  R30,LOW(@0)
                 	LDI  R26,HIGH(@0)
                 	CPC  R31,R26
                 	LDI  R26,BYTE3(@0)
                 	CPC  R22,R26
                 	LDI  R26,BYTE4(@0)
                 	CPC  R23,R26
                 	.ENDM
                 
                 	.MACRO __CPD2N
                 	CPI  R26,LOW(@0)
                 	LDI  R30,HIGH(@0)
                 	CPC  R27,R30
                 	LDI  R30,BYTE3(@0)
                 	CPC  R24,R30
                 	LDI  R30,BYTE4(@0)
                 	CPC  R25,R30
                 	.ENDM
                 
                 	.MACRO __CPWRR
                 	CP   R@0,R@2
                 	CPC  R@1,R@3
                 	.ENDM
                 
                 	.MACRO __CPWRN
                 	CPI  R@0,LOW(@2)
                 	LDI  R30,HIGH(@2)
                 	CPC  R@1,R30
                 	.ENDM
                 
                 	.MACRO __ADDB1MN
                 	SUBI R30,LOW(-@0-(@1))
                 	.ENDM
                 
                 	.MACRO __ADDB2MN
                 	SUBI R26,LOW(-@0-(@1))
                 	.ENDM
                 
                 	.MACRO __ADDW1MN
                 	SUBI R30,LOW(-@0-(@1))
                 	SBCI R31,HIGH(-@0-(@1))
                 	.ENDM
                 
                 	.MACRO __ADDW2MN
                 	SUBI R26,LOW(-@0-(@1))
                 	SBCI R27,HIGH(-@0-(@1))
                 	.ENDM
                 
                 	.MACRO __ADDW1FN
                 	SUBI R30,LOW(-2*@0-(@1))
                 	SBCI R31,HIGH(-2*@0-(@1))
                 	.ENDM
                 
                 	.MACRO __ADDD1FN
                 	SUBI R30,LOW(-2*@0-(@1))
                 	SBCI R31,HIGH(-2*@0-(@1))
                 	SBCI R22,BYTE3(-2*@0-(@1))
                 	.ENDM
                 
                 	.MACRO __ADDD1N
                 	SUBI R30,LOW(-@0)
                 	SBCI R31,HIGH(-@0)
                 	SBCI R22,BYTE3(-@0)
                 	SBCI R23,BYTE4(-@0)
                 	.ENDM
                 
                 	.MACRO __ADDD2N
                 	SUBI R26,LOW(-@0)
                 	SBCI R27,HIGH(-@0)
                 	SBCI R24,BYTE3(-@0)
                 	SBCI R25,BYTE4(-@0)
                 	.ENDM
                 
                 	.MACRO __SUBD1N
                 	SUBI R30,LOW(@0)
                 	SBCI R31,HIGH(@0)
                 	SBCI R22,BYTE3(@0)
                 	SBCI R23,BYTE4(@0)
                 	.ENDM
                 
                 	.MACRO __SUBD2N
                 	SUBI R26,LOW(@0)
                 	SBCI R27,HIGH(@0)
                 	SBCI R24,BYTE3(@0)
                 	SBCI R25,BYTE4(@0)
                 	.ENDM
                 
                 	.MACRO __ANDBMNN
                 	LDS  R30,@0+(@1)
                 	ANDI R30,LOW(@2)
                 	STS  @0+(@1),R30
                 	.ENDM
                 
                 	.MACRO __ANDWMNN
                 	LDS  R30,@0+(@1)
                 	ANDI R30,LOW(@2)
                 	STS  @0+(@1),R30
                 	LDS  R30,@0+(@1)+1
                 	ANDI R30,HIGH(@2)
                 	STS  @0+(@1)+1,R30
                 	.ENDM
                 
                 	.MACRO __ANDD1N
                 	ANDI R30,LOW(@0)
                 	ANDI R31,HIGH(@0)
                 	ANDI R22,BYTE3(@0)
                 	ANDI R23,BYTE4(@0)
                 	.ENDM
                 
                 	.MACRO __ANDD2N
                 	ANDI R26,LOW(@0)
                 	ANDI R27,HIGH(@0)
                 	ANDI R24,BYTE3(@0)
                 	ANDI R25,BYTE4(@0)
                 	.ENDM
                 
                 	.MACRO __ORBMNN
                 	LDS  R30,@0+(@1)
                 	ORI  R30,LOW(@2)
                 	STS  @0+(@1),R30
                 	.ENDM
                 
                 	.MACRO __ORWMNN
                 	LDS  R30,@0+(@1)
                 	ORI  R30,LOW(@2)
                 	STS  @0+(@1),R30
                 	LDS  R30,@0+(@1)+1
                 	ORI  R30,HIGH(@2)
                 	STS  @0+(@1)+1,R30
                 	.ENDM
                 
                 	.MACRO __ORD1N
                 	ORI  R30,LOW(@0)
                 	ORI  R31,HIGH(@0)
                 	ORI  R22,BYTE3(@0)
                 	ORI  R23,BYTE4(@0)
                 	.ENDM
                 
                 	.MACRO __ORD2N
                 	ORI  R26,LOW(@0)
                 	ORI  R27,HIGH(@0)
                 	ORI  R24,BYTE3(@0)
                 	ORI  R25,BYTE4(@0)
                 	.ENDM
                 
                 	.MACRO __DELAY_USB
                 	LDI  R24,LOW(@0)
                 __DELAY_USB_LOOP:
                 	DEC  R24
                 	BRNE __DELAY_USB_LOOP
                 	.ENDM
                 
                 	.MACRO __DELAY_USW
                 	LDI  R24,LOW(@0)
                 	LDI  R25,HIGH(@0)
                 __DELAY_USW_LOOP:
                 	SBIW R24,1
                 	BRNE __DELAY_USW_LOOP
                 	.ENDM
                 
                 	.MACRO __GETD1S
                 	LDD  R30,Y+@0
                 	LDD  R31,Y+@0+1
                 	LDD  R22,Y+@0+2
                 	LDD  R23,Y+@0+3
                 	.ENDM
                 
                 	.MACRO __GETD2S
                 	LDD  R26,Y+@0
                 	LDD  R27,Y+@0+1
                 	LDD  R24,Y+@0+2
                 	LDD  R25,Y+@0+3
                 	.ENDM
                 
                 	.MACRO __PUTD1S
                 	STD  Y+@0,R30
                 	STD  Y+@0+1,R31
                 	STD  Y+@0+2,R22
                 	STD  Y+@0+3,R23
                 	.ENDM
                 
                 	.MACRO __PUTD2S
                 	STD  Y+@0,R26
                 	STD  Y+@0+1,R27
                 	STD  Y+@0+2,R24
                 	STD  Y+@0+3,R25
                 	.ENDM
                 
                 	.MACRO __PUTDZ2
                 	STD  Z+@0,R26
                 	STD  Z+@0+1,R27
                 	STD  Z+@0+2,R24
                 	STD  Z+@0+3,R25
                 	.ENDM
                 
                 	.MACRO __CLRD1S
                 	STD  Y+@0,R30
                 	STD  Y+@0+1,R30
                 	STD  Y+@0+2,R30
                 	STD  Y+@0+3,R30
                 	.ENDM
                 
                 	.MACRO __POINTB1MN
                 	LDI  R30,LOW(@0+(@1))
                 	.ENDM
                 
                 	.MACRO __POINTW1MN
                 	LDI  R30,LOW(@0+(@1))
                 	LDI  R31,HIGH(@0+(@1))
                 	.ENDM
                 
                 	.MACRO __POINTD1M
                 	LDI  R30,LOW(@0)
                 	LDI  R31,HIGH(@0)
                 	LDI  R22,BYTE3(@0)
                 	LDI  R23,BYTE4(@0)
                 	.ENDM
                 
                 	.MACRO __POINTW1FN
                 	LDI  R30,LOW(2*@0+(@1))
                 	LDI  R31,HIGH(2*@0+(@1))
                 	.ENDM
                 
                 	.MACRO __POINTD1FN
                 	LDI  R30,LOW(2*@0+(@1))
                 	LDI  R31,HIGH(2*@0+(@1))
                 	LDI  R22,BYTE3(2*@0+(@1))
                 	LDI  R23,BYTE4(2*@0+(@1))
                 	.ENDM
                 
                 	.MACRO __POINTB2MN
                 	LDI  R26,LOW(@0+(@1))
                 	.ENDM
                 
                 	.MACRO __POINTW2MN
                 	LDI  R26,LOW(@0+(@1))
                 	LDI  R27,HIGH(@0+(@1))
                 	.ENDM
                 
                 	.MACRO __POINTW2FN
                 	LDI  R26,LOW(2*@0+(@1))
                 	LDI  R27,HIGH(2*@0+(@1))
                 	.ENDM
                 
                 	.MACRO __POINTD2FN
                 	LDI  R26,LOW(2*@0+(@1))
                 	LDI  R27,HIGH(2*@0+(@1))
                 	LDI  R24,BYTE3(2*@0+(@1))
                 	LDI  R25,BYTE4(2*@0+(@1))
                 	.ENDM
                 
                 	.MACRO __POINTBRM
                 	LDI  R@0,LOW(@1)
                 	.ENDM
                 
                 	.MACRO __POINTWRM
                 	LDI  R@0,LOW(@2)
                 	LDI  R@1,HIGH(@2)
                 	.ENDM
                 
                 	.MACRO __POINTBRMN
                 	LDI  R@0,LOW(@1+(@2))
                 	.ENDM
                 
                 	.MACRO __POINTWRMN
                 	LDI  R@0,LOW(@2+(@3))
                 	LDI  R@1,HIGH(@2+(@3))
                 	.ENDM
                 
                 	.MACRO __POINTWRFN
                 	LDI  R@0,LOW(@2*2+(@3))
                 	LDI  R@1,HIGH(@2*2+(@3))
                 	.ENDM
                 
                 	.MACRO __GETD1N
                 	LDI  R30,LOW(@0)
                 	LDI  R31,HIGH(@0)
                 	LDI  R22,BYTE3(@0)
                 	LDI  R23,BYTE4(@0)
                 	.ENDM
                 
                 	.MACRO __GETD2N
                 	LDI  R26,LOW(@0)
                 	LDI  R27,HIGH(@0)
                 	LDI  R24,BYTE3(@0)
                 	LDI  R25,BYTE4(@0)
                 	.ENDM
                 
                 	.MACRO __GETB1MN
                 	LDS  R30,@0+(@1)
                 	.ENDM
                 
                 	.MACRO __GETB1HMN
                 	LDS  R31,@0+(@1)
                 	.ENDM
                 
                 	.MACRO __GETW1MN
                 	LDS  R30,@0+(@1)
                 	LDS  R31,@0+(@1)+1
                 	.ENDM
                 
                 	.MACRO __GETD1MN
                 	LDS  R30,@0+(@1)
                 	LDS  R31,@0+(@1)+1
                 	LDS  R22,@0+(@1)+2
                 	LDS  R23,@0+(@1)+3
                 	.ENDM
                 
                 	.MACRO __GETBRMN
                 	LDS  R@0,@1+(@2)
                 	.ENDM
                 
                 	.MACRO __GETWRMN
                 	LDS  R@0,@2+(@3)
                 	LDS  R@1,@2+(@3)+1
                 	.ENDM
                 
                 	.MACRO __GETWRZ
                 	LDD  R@0,Z+@2
                 	LDD  R@1,Z+@2+1
                 	.ENDM
                 
                 	.MACRO __GETD2Z
                 	LDD  R26,Z+@0
                 	LDD  R27,Z+@0+1
                 	LDD  R24,Z+@0+2
                 	LDD  R25,Z+@0+3
                 	.ENDM
                 
                 	.MACRO __GETB2MN
                 	LDS  R26,@0+(@1)
                 	.ENDM
                 
                 	.MACRO __GETW2MN
                 	LDS  R26,@0+(@1)
                 	LDS  R27,@0+(@1)+1
                 	.ENDM
                 
                 	.MACRO __GETD2MN
                 	LDS  R26,@0+(@1)
                 	LDS  R27,@0+(@1)+1
                 	LDS  R24,@0+(@1)+2
                 	LDS  R25,@0+(@1)+3
                 	.ENDM
                 
                 	.MACRO __PUTB1MN
                 	STS  @0+(@1),R30
                 	.ENDM
                 
                 	.MACRO __PUTW1MN
                 	STS  @0+(@1),R30
                 	STS  @0+(@1)+1,R31
                 	.ENDM
                 
                 	.MACRO __PUTD1MN
                 	STS  @0+(@1),R30
                 	STS  @0+(@1)+1,R31
                 	STS  @0+(@1)+2,R22
                 	STS  @0+(@1)+3,R23
                 	.ENDM
                 
                 	.MACRO __PUTB1EN
                 	LDI  R26,LOW(@0+(@1))
                 	LDI  R27,HIGH(@0+(@1))
                 	CALL __EEPROMWRB
                 	.ENDM
                 
                 	.MACRO __PUTW1EN
                 	LDI  R26,LOW(@0+(@1))
                 	LDI  R27,HIGH(@0+(@1))
                 	CALL __EEPROMWRW
                 	.ENDM
                 
                 	.MACRO __PUTD1EN
                 	LDI  R26,LOW(@0+(@1))
                 	LDI  R27,HIGH(@0+(@1))
                 	CALL __EEPROMWRD
                 	.ENDM
                 
                 	.MACRO __PUTBR0MN
                 	STS  @0+(@1),R0
                 	.ENDM
                 
                 	.MACRO __PUTBMRN
                 	STS  @0+(@1),R@2
                 	.ENDM
                 
                 	.MACRO __PUTWMRN
                 	STS  @0+(@1),R@2
                 	STS  @0+(@1)+1,R@3
                 	.ENDM
                 
                 	.MACRO __PUTBZR
                 	STD  Z+@1,R@0
                 	.ENDM
                 
                 	.MACRO __PUTWZR
                 	STD  Z+@2,R@0
                 	STD  Z+@2+1,R@1
                 	.ENDM
                 
                 	.MACRO __GETW1R
                 	MOV  R30,R@0
                 	MOV  R31,R@1
                 	.ENDM
                 
                 	.MACRO __GETW2R
                 	MOV  R26,R@0
                 	MOV  R27,R@1
                 	.ENDM
                 
                 	.MACRO __GETWRN
                 	LDI  R@0,LOW(@2)
                 	LDI  R@1,HIGH(@2)
                 	.ENDM
                 
                 	.MACRO __PUTW1R
                 	MOV  R@0,R30
                 	MOV  R@1,R31
                 	.ENDM
                 
                 	.MACRO __PUTW2R
                 	MOV  R@0,R26
                 	MOV  R@1,R27
                 	.ENDM
                 
                 	.MACRO __ADDWRN
                 	SUBI R@0,LOW(-@2)
                 	SBCI R@1,HIGH(-@2)
                 	.ENDM
                 
                 	.MACRO __ADDWRR
                 	ADD  R@0,R@2
                 	ADC  R@1,R@3
                 	.ENDM
                 
                 	.MACRO __SUBWRN
                 	SUBI R@0,LOW(@2)
                 	SBCI R@1,HIGH(@2)
                 	.ENDM
                 
                 	.MACRO __SUBWRR
                 	SUB  R@0,R@2
                 	SBC  R@1,R@3
                 	.ENDM
                 
                 	.MACRO __ANDWRN
                 	ANDI R@0,LOW(@2)
                 	ANDI R@1,HIGH(@2)
                 	.ENDM
                 
                 	.MACRO __ANDWRR
                 	AND  R@0,R@2
                 	AND  R@1,R@3
                 	.ENDM
                 
                 	.MACRO __ORWRN
                 	ORI  R@0,LOW(@2)
                 	ORI  R@1,HIGH(@2)
                 	.ENDM
                 
                 	.MACRO __ORWRR
                 	OR   R@0,R@2
                 	OR   R@1,R@3
                 	.ENDM
                 
                 	.MACRO __EORWRR
                 	EOR  R@0,R@2
                 	EOR  R@1,R@3
                 	.ENDM
                 
                 	.MACRO __GETWRS
                 	LDD  R@0,Y+@2
                 	LDD  R@1,Y+@2+1
                 	.ENDM
                 
                 	.MACRO __PUTBSR
                 	STD  Y+@1,R@0
                 	.ENDM
                 
                 	.MACRO __PUTWSR
                 	STD  Y+@2,R@0
                 	STD  Y+@2+1,R@1
                 	.ENDM
                 
                 	.MACRO __MOVEWRR
                 	MOV  R@0,R@2
                 	MOV  R@1,R@3
                 	.ENDM
                 
                 	.MACRO __INWR
                 	IN   R@0,@2
                 	IN   R@1,@2+1
                 	.ENDM
                 
                 	.MACRO __OUTWR
                 	OUT  @2+1,R@1
                 	OUT  @2,R@0
                 	.ENDM
                 
                 	.MACRO __CALL1MN
                 	LDS  R30,@0+(@1)
                 	LDS  R31,@0+(@1)+1
                 	ICALL
                 	.ENDM
                 
                 	.MACRO __CALL1FN
                 	LDI  R30,LOW(2*@0+(@1))
                 	LDI  R31,HIGH(2*@0+(@1))
                 	CALL __GETW1PF
                 	ICALL
                 	.ENDM
                 
                 	.MACRO __CALL2EN
                 	PUSH R26
                 	PUSH R27
                 	LDI  R26,LOW(@0+(@1))
                 	LDI  R27,HIGH(@0+(@1))
                 	CALL __EEPROMRDW
                 	POP  R27
                 	POP  R26
                 	ICALL
                 	.ENDM
                 
                 	.MACRO __CALL2EX
                 	SUBI R26,LOW(-@0)
                 	SBCI R27,HIGH(-@0)
                 	CALL __EEPROMRDD
                 	ICALL
                 	.ENDM
                 
                 	.MACRO __GETW1STACK
                 	IN   R30,SPL
                 	IN   R31,SPH
                 	ADIW R30,@0+1
                 	LD   R0,Z+
                 	LD   R31,Z
                 	MOV  R30,R0
                 	.ENDM
                 
                 	.MACRO __GETD1STACK
                 	IN   R30,SPL
                 	IN   R31,SPH
                 	ADIW R30,@0+1
                 	LD   R0,Z+
                 	LD   R1,Z+
                 	LD   R22,Z
                 	MOVW R30,R0
                 	.ENDM
                 
                 	.MACRO __NBST
                 	BST  R@0,@1
                 	IN   R30,SREG
                 	LDI  R31,0x40
                 	EOR  R30,R31
                 	OUT  SREG,R30
                 	.ENDM
                 
                 
                 	.MACRO __PUTB1SN
                 	LDD  R26,Y+@0
                 	LDD  R27,Y+@0+1
                 	SUBI R26,LOW(-@1)
                 	SBCI R27,HIGH(-@1)
                 	ST   X,R30
                 	.ENDM
                 
                 	.MACRO __PUTW1SN
                 	LDD  R26,Y+@0
                 	LDD  R27,Y+@0+1
                 	SUBI R26,LOW(-@1)
                 	SBCI R27,HIGH(-@1)
                 	ST   X+,R30
                 	ST   X,R31
                 	.ENDM
                 
                 	.MACRO __PUTD1SN
                 	LDD  R26,Y+@0
                 	LDD  R27,Y+@0+1
                 	SUBI R26,LOW(-@1)
                 	SBCI R27,HIGH(-@1)
                 	CALL __PUTDP1
                 	.ENDM
                 
                 	.MACRO __PUTB1SNS
                 	LDD  R26,Y+@0
                 	LDD  R27,Y+@0+1
                 	ADIW R26,@1
                 	ST   X,R30
                 	.ENDM
                 
                 	.MACRO __PUTW1SNS
                 	LDD  R26,Y+@0
                 	LDD  R27,Y+@0+1
                 	ADIW R26,@1
                 	ST   X+,R30
                 	ST   X,R31
                 	.ENDM
                 
                 	.MACRO __PUTD1SNS
                 	LDD  R26,Y+@0
                 	LDD  R27,Y+@0+1
                 	ADIW R26,@1
                 	CALL __PUTDP1
                 	.ENDM
                 
                 	.MACRO __PUTB1PMN
                 	LDS  R26,@0
                 	LDS  R27,@0+1
                 	SUBI R26,LOW(-@1)
                 	SBCI R27,HIGH(-@1)
                 	ST   X,R30
                 	.ENDM
                 
                 	.MACRO __PUTW1PMN
                 	LDS  R26,@0
                 	LDS  R27,@0+1
                 	SUBI R26,LOW(-@1)
                 	SBCI R27,HIGH(-@1)
                 	ST   X+,R30
                 	ST   X,R31
                 	.ENDM
                 
                 	.MACRO __PUTD1PMN
                 	LDS  R26,@0
                 	LDS  R27,@0+1
                 	SUBI R26,LOW(-@1)
                 	SBCI R27,HIGH(-@1)
                 	CALL __PUTDP1
                 	.ENDM
                 
                 	.MACRO __PUTB1PMNS
                 	LDS  R26,@0
                 	LDS  R27,@0+1
                 	ADIW R26,@1
                 	ST   X,R30
                 	.ENDM
                 
                 	.MACRO __PUTW1PMNS
                 	LDS  R26,@0
                 	LDS  R27,@0+1
                 	ADIW R26,@1
                 	ST   X+,R30
                 	ST   X,R31
                 	.ENDM
                 
                 	.MACRO __PUTD1PMNS
                 	LDS  R26,@0
                 	LDS  R27,@0+1
                 	ADIW R26,@1
                 	CALL __PUTDP1
                 	.ENDM
                 
                 	.MACRO __PUTB1RN
                 	MOVW R26,R@0
                 	SUBI R26,LOW(-@1)
                 	SBCI R27,HIGH(-@1)
                 	ST   X,R30
                 	.ENDM
                 
                 	.MACRO __PUTW1RN
                 	MOVW R26,R@0
                 	SUBI R26,LOW(-@1)
                 	SBCI R27,HIGH(-@1)
                 	ST   X+,R30
                 	ST   X,R31
                 	.ENDM
                 
                 	.MACRO __PUTD1RN
                 	MOVW R26,R@0
                 	SUBI R26,LOW(-@1)
                 	SBCI R27,HIGH(-@1)
                 	CALL __PUTDP1
                 	.ENDM
                 
                 	.MACRO __PUTB1RNS
                 	MOVW R26,R@0
                 	ADIW R26,@1
                 	ST   X,R30
                 	.ENDM
                 
                 	.MACRO __PUTW1RNS
                 	MOVW R26,R@0
                 	ADIW R26,@1
                 	ST   X+,R30
                 	ST   X,R31
                 	.ENDM
                 
                 	.MACRO __PUTD1RNS
                 	MOVW R26,R@0
                 	ADIW R26,@1
                 	CALL __PUTDP1
                 	.ENDM
                 
                 	.MACRO __PUTB1RON
                 	MOV  R26,R@0
                 	MOV  R27,R@1
                 	SUBI R26,LOW(-@2)
                 	SBCI R27,HIGH(-@2)
                 	ST   X,R30
                 	.ENDM
                 
                 	.MACRO __PUTW1RON
                 	MOV  R26,R@0
                 	MOV  R27,R@1
                 	SUBI R26,LOW(-@2)
                 	SBCI R27,HIGH(-@2)
                 	ST   X+,R30
                 	ST   X,R31
                 	.ENDM
                 
                 	.MACRO __PUTD1RON
                 	MOV  R26,R@0
                 	MOV  R27,R@1
                 	SUBI R26,LOW(-@2)
                 	SBCI R27,HIGH(-@2)
                 	CALL __PUTDP1
                 	.ENDM
                 
                 	.MACRO __PUTB1RONS
                 	MOV  R26,R@0
                 	MOV  R27,R@1
                 	ADIW R26,@2
                 	ST   X,R30
                 	.ENDM
                 
                 	.MACRO __PUTW1RONS
                 	MOV  R26,R@0
                 	MOV  R27,R@1
                 	ADIW R26,@2
                 	ST   X+,R30
                 	ST   X,R31
                 	.ENDM
                 
                 	.MACRO __PUTD1RONS
                 	MOV  R26,R@0
                 	MOV  R27,R@1
                 	ADIW R26,@2
                 	CALL __PUTDP1
                 	.ENDM
                 
                 
                 	.MACRO __GETB1SX
                 	MOVW R30,R28
                 	SUBI R30,LOW(-@0)
                 	SBCI R31,HIGH(-@0)
                 	LD   R30,Z
                 	.ENDM
                 
                 	.MACRO __GETB1HSX
                 	MOVW R30,R28
                 	SUBI R30,LOW(-@0)
                 	SBCI R31,HIGH(-@0)
                 	LD   R31,Z
                 	.ENDM
                 
                 	.MACRO __GETW1SX
                 	MOVW R30,R28
                 	SUBI R30,LOW(-@0)
                 	SBCI R31,HIGH(-@0)
                 	LD   R0,Z+
                 	LD   R31,Z
                 	MOV  R30,R0
                 	.ENDM
                 
                 	.MACRO __GETD1SX
                 	MOVW R30,R28
                 	SUBI R30,LOW(-@0)
                 	SBCI R31,HIGH(-@0)
                 	LD   R0,Z+
                 	LD   R1,Z+
                 	LD   R22,Z+
                 	LD   R23,Z
                 	MOVW R30,R0
                 	.ENDM
                 
                 	.MACRO __GETB2SX
                 	MOVW R26,R28
                 	SUBI R26,LOW(-@0)
                 	SBCI R27,HIGH(-@0)
                 	LD   R26,X
                 	.ENDM
                 
                 	.MACRO __GETW2SX
                 	MOVW R26,R28
                 	SUBI R26,LOW(-@0)
                 	SBCI R27,HIGH(-@0)
                 	LD   R0,X+
                 	LD   R27,X
                 	MOV  R26,R0
                 	.ENDM
                 
                 	.MACRO __GETD2SX
                 	MOVW R26,R28
                 	SUBI R26,LOW(-@0)
                 	SBCI R27,HIGH(-@0)
                 	LD   R0,X+
                 	LD   R1,X+
                 	LD   R24,X+
                 	LD   R25,X
                 	MOVW R26,R0
                 	.ENDM
                 
                 	.MACRO __GETBRSX
                 	MOVW R30,R28
                 	SUBI R30,LOW(-@1)
                 	SBCI R31,HIGH(-@1)
                 	LD   R@0,Z
                 	.ENDM
                 
                 	.MACRO __GETWRSX
                 	MOVW R30,R28
                 	SUBI R30,LOW(-@2)
                 	SBCI R31,HIGH(-@2)
                 	LD   R@0,Z+
                 	LD   R@1,Z
                 	.ENDM
                 
                 	.MACRO __GETBRSX2
                 	MOVW R26,R28
                 	SUBI R26,LOW(-@1)
                 	SBCI R27,HIGH(-@1)
                 	LD   R@0,X
                 	.ENDM
                 
                 	.MACRO __GETWRSX2
                 	MOVW R26,R28
                 	SUBI R26,LOW(-@2)
                 	SBCI R27,HIGH(-@2)
                 	LD   R@0,X+
                 	LD   R@1,X
                 	.ENDM
                 
                 	.MACRO __LSLW8SX
                 	MOVW R30,R28
                 	SUBI R30,LOW(-@0)
                 	SBCI R31,HIGH(-@0)
                 	LD   R31,Z
                 	CLR  R30
                 	.ENDM
                 
                 	.MACRO __PUTB1SX
                 	MOVW R26,R28
                 	SUBI R26,LOW(-@0)
                 	SBCI R27,HIGH(-@0)
                 	ST   X,R30
                 	.ENDM
                 
                 	.MACRO __PUTW1SX
                 	MOVW R26,R28
                 	SUBI R26,LOW(-@0)
                 	SBCI R27,HIGH(-@0)
                 	ST   X+,R30
                 	ST   X,R31
                 	.ENDM
                 
                 	.MACRO __PUTD1SX
                 	MOVW R26,R28
                 	SUBI R26,LOW(-@0)
                 	SBCI R27,HIGH(-@0)
                 	ST   X+,R30
                 	ST   X+,R31
                 	ST   X+,R22
                 	ST   X,R23
                 	.ENDM
                 
                 	.MACRO __CLRW1SX
                 	MOVW R26,R28
                 	SUBI R26,LOW(-@0)
                 	SBCI R27,HIGH(-@0)
                 	ST   X+,R30
                 	ST   X,R30
                 	.ENDM
                 
                 	.MACRO __CLRD1SX
                 	MOVW R26,R28
                 	SUBI R26,LOW(-@0)
                 	SBCI R27,HIGH(-@0)
                 	ST   X+,R30
                 	ST   X+,R30
                 	ST   X+,R30
                 	ST   X,R30
                 	.ENDM
                 
                 	.MACRO __PUTB2SX
                 	MOVW R30,R28
                 	SUBI R30,LOW(-@0)
                 	SBCI R31,HIGH(-@0)
                 	ST   Z,R26
                 	.ENDM
                 
                 	.MACRO __PUTW2SX
                 	MOVW R30,R28
                 	SUBI R30,LOW(-@0)
                 	SBCI R31,HIGH(-@0)
                 	ST   Z+,R26
                 	ST   Z,R27
                 	.ENDM
                 
                 	.MACRO __PUTD2SX
                 	MOVW R30,R28
                 	SUBI R30,LOW(-@0)
                 	SBCI R31,HIGH(-@0)
                 	ST   Z+,R26
                 	ST   Z+,R27
                 	ST   Z+,R24
                 	ST   Z,R25
                 	.ENDM
                 
                 	.MACRO __PUTBSRX
                 	MOVW R30,R28
                 	SUBI R30,LOW(-@1)
                 	SBCI R31,HIGH(-@1)
                 	ST   Z,R@0
                 	.ENDM
                 
                 	.MACRO __PUTWSRX
                 	MOVW R30,R28
                 	SUBI R30,LOW(-@2)
                 	SBCI R31,HIGH(-@2)
                 	ST   Z+,R@0
                 	ST   Z,R@1
                 	.ENDM
                 
                 	.MACRO __PUTB1SNX
                 	MOVW R26,R28
                 	SUBI R26,LOW(-@0)
                 	SBCI R27,HIGH(-@0)
                 	LD   R0,X+
                 	LD   R27,X
                 	MOV  R26,R0
                 	SUBI R26,LOW(-@1)
                 	SBCI R27,HIGH(-@1)
                 	ST   X,R30
                 	.ENDM
                 
                 	.MACRO __PUTW1SNX
                 	MOVW R26,R28
                 	SUBI R26,LOW(-@0)
                 	SBCI R27,HIGH(-@0)
                 	LD   R0,X+
                 	LD   R27,X
                 	MOV  R26,R0
                 	SUBI R26,LOW(-@1)
                 	SBCI R27,HIGH(-@1)
                 	ST   X+,R30
                 	ST   X,R31
                 	.ENDM
                 
                 	.MACRO __PUTD1SNX
                 	MOVW R26,R28
                 	SUBI R26,LOW(-@0)
                 	SBCI R27,HIGH(-@0)
                 	LD   R0,X+
                 	LD   R27,X
                 	MOV  R26,R0
                 	SUBI R26,LOW(-@1)
                 	SBCI R27,HIGH(-@1)
                 	ST   X+,R30
                 	ST   X+,R31
                 	ST   X+,R22
                 	ST   X,R23
                 	.ENDM
                 
                 	.MACRO __MULBRR
                 	MULS R@0,R@1
                 	MOVW R30,R0
                 	.ENDM
                 
                 	.MACRO __MULBRRU
                 	MUL  R@0,R@1
                 	MOVW R30,R0
                 	.ENDM
                 
                 	.MACRO __MULBRR0
                 	MULS R@0,R@1
                 	.ENDM
                 
                 	.MACRO __MULBRRU0
                 	MUL  R@0,R@1
                 	.ENDM
                 
                 	.MACRO __MULBNWRU
                 	LDI  R26,@2
                 	MUL  R26,R@0
                 	MOVW R30,R0
                 	MUL  R26,R@1
                 	ADD  R31,R0
                 	.ENDM
                 
                 ;NAME DEFINITIONS FOR GLOBAL VARIABLES ALLOCATED TO REGISTERS
                 	.DEF _rx_wr_index=R5
                 	.DEF _rx_rd_index=R4
                 	.DEF _rx_counter=R7
                 	.DEF _tx_wr_index=R6
                 	.DEF _tx_rd_index=R9
                 	.DEF _tx_counter=R8
                 	.DEF __lcd_x=R11
                 	.DEF __lcd_y=R10
                 	.DEF __lcd_maxx=R13
                 
                 	.CSEG
                 	.ORG 0x00
                 
                 ;START OF CODE MARKER
                 __START_OF_CODE:
                 
                 ;INTERRUPT VECTORS
000000 940c 0042 	JMP  __RESET
000002 940c 0000 	JMP  0x00
000004 940c 0000 	JMP  0x00
000006 940c 0000 	JMP  0x00
000008 940c 0000 	JMP  0x00
00000a 940c 0000 	JMP  0x00
00000c 940c 0000 	JMP  0x00
00000e 940c 0000 	JMP  0x00
000010 940c 0000 	JMP  0x00
000012 940c 0000 	JMP  0x00
000014 940c 0000 	JMP  0x00
000016 940c 006f 	JMP  _usart_rx_isr
000018 940c 0000 	JMP  0x00
00001a 940c 00a7 	JMP  _usart_tx_isr
00001c 940c 0000 	JMP  0x00
00001e 940c 0000 	JMP  0x00
000020 940c 0000 	JMP  0x00
000022 940c 0000 	JMP  0x00
000024 940c 0000 	JMP  0x00
000026 940c 0000 	JMP  0x00
000028 940c 0000 	JMP  0x00
                 
                 _tbl10_G101:
00002a 2710
00002b 03e8
00002c 0064
00002d 000a      	.DB  0x10,0x27,0xE8,0x3,0x64,0x0,0xA,0x0
00002e 0001      	.DB  0x1,0x0
                 _tbl16_G101:
00002f 1000
000030 0100
000031 0010
000032 0001      	.DB  0x0,0x10,0x0,0x1,0x10,0x0,0x1,0x0
                 
                 ;REGISTER BIT VARIABLES INITIALIZATION
                 __REG_BIT_VARS:
000033 0000      	.DW  0x0000
                 
                 ;GLOBAL REGISTER VARIABLES INITIALIZATION
                 __REG_VARS:
000034 0000
000035 0000      	.DB  0x0,0x0,0x0,0x0
000036 0000      	.DB  0x0,0x0
                 
                 _0x2000003:
000037 c080      	.DB  0x80,0xC0
                 
                 __GLOBAL_INI_TBL:
000038 0001      	.DW  0x01
000039 0002      	.DW  0x02
00003a 0066      	.DW  __REG_BIT_VARS*2
                 
00003b 0006      	.DW  0x06
00003c 0004      	.DW  0x04
00003d 0068      	.DW  __REG_VARS*2
                 
00003e 0002      	.DW  0x02
00003f 0170      	.DW  __base_y_G100
000040 006e      	.DW  _0x2000003*2
                 
                 _0xFFFFFFFF:
000041 0000      	.DW  0
                 
                 #define __GLOBAL_INI_TBL_PRESENT 1
                 
                 __RESET:
000042 94f8      	CLI
000043 27ee      	CLR  R30
000044 bbec      	OUT  EECR,R30
                 
                 ;INTERRUPT VECTORS ARE PLACED
                 ;AT THE START OF FLASH
000045 e0f1      	LDI  R31,1
000046 bffb      	OUT  GICR,R31
000047 bfeb      	OUT  GICR,R30
000048 bfe5      	OUT  MCUCR,R30
                 
                 ;CLEAR R2-R14
000049 e08d      	LDI  R24,(14-2)+1
00004a e0a2      	LDI  R26,2
00004b 27bb      	CLR  R27
                 __CLEAR_REG:
00004c 93ed      	ST   X+,R30
00004d 958a      	DEC  R24
00004e f7e9      	BRNE __CLEAR_REG
                 
                 ;CLEAR SRAM
00004f e080      	LDI  R24,LOW(__CLEAR_SRAM_SIZE)
000050 e094      	LDI  R25,HIGH(__CLEAR_SRAM_SIZE)
000051 e6a0      	LDI  R26,__SRAM_START
                 __CLEAR_SRAM:
000052 93ed      	ST   X+,R30
000053 9701      	SBIW R24,1
000054 f7e9      	BRNE __CLEAR_SRAM
                 
                 ;GLOBAL VARIABLES INITIALIZATION
000055 e7e0      	LDI  R30,LOW(__GLOBAL_INI_TBL*2)
000056 e0f0      	LDI  R31,HIGH(__GLOBAL_INI_TBL*2)
                 __GLOBAL_INI_NEXT:
000057 9185      	LPM  R24,Z+
000058 9195      	LPM  R25,Z+
000059 9700      	SBIW R24,0
00005a f061      	BREQ __GLOBAL_INI_END
00005b 91a5      	LPM  R26,Z+
00005c 91b5      	LPM  R27,Z+
00005d 9005      	LPM  R0,Z+
00005e 9015      	LPM  R1,Z+
00005f 01bf      	MOVW R22,R30
000060 01f0      	MOVW R30,R0
                 __GLOBAL_INI_LOOP:
000061 9005      	LPM  R0,Z+
000062 920d      	ST   X+,R0
000063 9701      	SBIW R24,1
000064 f7e1      	BRNE __GLOBAL_INI_LOOP
000065 01fb      	MOVW R30,R22
000066 cff0      	RJMP __GLOBAL_INI_NEXT
                 __GLOBAL_INI_END:
                 
                 ;HARDWARE STACK POINTER INITIALIZATION
000067 e5ef      	LDI  R30,LOW(__SRAM_END-__HEAP_SIZE)
000068 bfed      	OUT  SPL,R30
000069 e0e4      	LDI  R30,HIGH(__SRAM_END-__HEAP_SIZE)
00006a bfee      	OUT  SPH,R30
                 
                 ;DATA STACK POINTER INITIALIZATION
00006b e6c0      	LDI  R28,LOW(__SRAM_START+__DSTACK_SIZE)
00006c e0d1      	LDI  R29,HIGH(__SRAM_START+__DSTACK_SIZE)
                 
00006d 940c 00be 	JMP  _main
                 
                 	.ESEG
                 	.ORG 0
                 
                 	.DSEG
                 	.ORG 0x160
                 
                 	.CSEG
                 ;#include <mega16.h>
                 	#ifndef __SLEEP_DEFINED__
                 	#define __SLEEP_DEFINED__
                 	.EQU __se_bit=0x40
                 	.EQU __sm_mask=0xB0
                 	.EQU __sm_powerdown=0x20
                 	.EQU __sm_powersave=0x30
                 	.EQU __sm_standby=0xA0
                 	.EQU __sm_ext_standby=0xB0
                 	.EQU __sm_adc_noise_red=0x10
                 	.SET power_ctrl_reg=mcucr
                 	#endif
                 ;
                 ;// Alphanumeric LCD functions
                 ;#include <alcd.h>
                 ;
                 ;// Declare your global variables here
                 ;
                 ;#define DATA_REGISTER_EMPTY (1<<UDRE)
                 ;#define RX_COMPLETE (1<<RXC)
                 ;#define FRAMING_ERROR (1<<FE)
                 ;#define PARITY_ERROR (1<<UPE)
                 ;#define DATA_OVERRUN (1<<DOR)
                 ;
                 ;// USART Receiver buffer
                 ;#define RX_BUFFER_SIZE 8
                 ;char rx_buffer[RX_BUFFER_SIZE];
                 ;
                 ;#if RX_BUFFER_SIZE <= 256
                 ;unsigned char rx_wr_index=0,rx_rd_index=0;
                 ;#else
                 ;unsigned int rx_wr_index=0,rx_rd_index=0;
                 ;#endif
                 ;
                 ;#if RX_BUFFER_SIZE < 256
                 ;unsigned char rx_counter=0;
                 ;#else
                 ;unsigned int rx_counter=0;
                 ;#endif
                 ;
                 ;// This flag is set on USART Receiver buffer overflow
                 ;bit rx_buffer_overflow;
                 ;
                 ;// USART Receiver interrupt service routine
                 ;interrupt [USART_RXC] void usart_rx_isr(void)
                 ; 0000 0023 {
                 
                 	.CSEG
                 _usart_rx_isr:
                 ; .FSTART _usart_rx_isr
00006f 920a      	ST   -Y,R0
000070 921a      	ST   -Y,R1
000071 92fa      	ST   -Y,R15
000072 936a      	ST   -Y,R22
000073 937a      	ST   -Y,R23
000074 938a      	ST   -Y,R24
000075 939a      	ST   -Y,R25
000076 93aa      	ST   -Y,R26
000077 93ba      	ST   -Y,R27
000078 93ea      	ST   -Y,R30
000079 93fa      	ST   -Y,R31
00007a b7ef      	IN   R30,SREG
00007b 93ea      	ST   -Y,R30
                 ; 0000 0024 char status,data;
                 ; 0000 0025 status=UCSRA;
00007c 931a      	ST   -Y,R17
00007d 930a      	ST   -Y,R16
                 ;	status -> R17
                 ;	data -> R16
00007e b11b      	IN   R17,11
                 ; 0000 0026 data=UDR;
00007f b10c      	IN   R16,12
                 ; 0000 0027 lcd_putchar(data);
000080 2fa0      	MOV  R26,R16
000081 940e 010e 	CALL _lcd_putchar
                 ; 0000 0028 if ((status & (FRAMING_ERROR | PARITY_ERROR | DATA_OVERRUN))==0)
000083 2fe1      	MOV  R30,R17
000084 71ec      	ANDI R30,LOW(0x1C)
000085 f489      	BRNE _0x3
                 ; 0000 0029    {
                 ; 0000 002A    rx_buffer[rx_wr_index++]=data;
000086 2de5      	MOV  R30,R5
000087 9453      	INC  R5
000088 e0f0      	LDI  R31,0
000089 5ae0      	SUBI R30,LOW(-_rx_buffer)
00008a 4ffe      	SBCI R31,HIGH(-_rx_buffer)
00008b 8300      	ST   Z,R16
                 ; 0000 002B #if RX_BUFFER_SIZE == 256
                 ; 0000 002C    // special case for receiver buffer size=256
                 ; 0000 002D    if (++rx_counter == 0) rx_buffer_overflow=1;
                 ; 0000 002E #else
                 ; 0000 002F    if (rx_wr_index == RX_BUFFER_SIZE) rx_wr_index=0;
00008c e0e8      	LDI  R30,LOW(8)
00008d 15e5      	CP   R30,R5
00008e f409      	BRNE _0x4
00008f 2455      	CLR  R5
                 ; 0000 0030    if (++rx_counter == RX_BUFFER_SIZE)
                 _0x4:
000090 9473      	INC  R7
000091 e0e8      	LDI  R30,LOW(8)
000092 15e7      	CP   R30,R7
000093 f419      	BRNE _0x5
                 ; 0000 0031       {
                 ; 0000 0032       rx_counter=0;
000094 2477      	CLR  R7
                 ; 0000 0033       rx_buffer_overflow=1;
000095 9468      	SET
000096 f820      	BLD  R2,0
                 ; 0000 0034       }
                 ; 0000 0035 #endif
                 ; 0000 0036    }
                 _0x5:
                 ; 0000 0037 }
                 _0x3:
000097 9109      	LD   R16,Y+
000098 9119      	LD   R17,Y+
000099 91e9      	LD   R30,Y+
00009a bfef      	OUT  SREG,R30
00009b 91f9      	LD   R31,Y+
00009c 91e9      	LD   R30,Y+
00009d 91b9      	LD   R27,Y+
00009e 91a9      	LD   R26,Y+
00009f 9199      	LD   R25,Y+
0000a0 9189      	LD   R24,Y+
0000a1 9179      	LD   R23,Y+
0000a2 9169      	LD   R22,Y+
0000a3 90f9      	LD   R15,Y+
0000a4 9019      	LD   R1,Y+
0000a5 9009      	LD   R0,Y+
0000a6 9518      	RETI
                 ; .FEND
                 ;
                 ;#ifndef _DEBUG_TERMINAL_IO_
                 ;// Get a character from the USART Receiver buffer
                 ;#define _ALTERNATE_GETCHAR_
                 ;#pragma used+
                 ;char getchar(void)
                 ; 0000 003E {
                 ; 0000 003F char data;
                 ; 0000 0040 while (rx_counter==0);
                 ;	data -> R17
                 ; 0000 0041 data=rx_buffer[rx_rd_index++];
                 ; 0000 0042 #if RX_BUFFER_SIZE != 256
                 ; 0000 0043 if (rx_rd_index == RX_BUFFER_SIZE) rx_rd_index=0;
                 ; 0000 0044 #endif
                 ; 0000 0045 #asm("cli")
                 ; 0000 0046 --rx_counter;
                 ; 0000 0047 #asm("sei")
                 ; 0000 0048 return data;
                 ; 0000 0049 }
                 ;#pragma used-
                 ;#endif
                 ;
                 ;// USART Transmitter buffer
                 ;#define TX_BUFFER_SIZE 8
                 ;char tx_buffer[TX_BUFFER_SIZE];
                 ;
                 ;#if TX_BUFFER_SIZE <= 256
                 ;unsigned char tx_wr_index=0,tx_rd_index=0;
                 ;#else
                 ;unsigned int tx_wr_index=0,tx_rd_index=0;
                 ;#endif
                 ;
                 ;#if TX_BUFFER_SIZE < 256
                 ;unsigned char tx_counter=0;
                 ;#else
                 ;unsigned int tx_counter=0;
                 ;#endif
                 ;
                 ;// USART Transmitter interrupt service routine
                 ;interrupt [USART_TXC] void usart_tx_isr(void)
                 ; 0000 005F {
                 _usart_tx_isr:
                 ; .FSTART _usart_tx_isr
0000a7 93ea      	ST   -Y,R30
0000a8 93fa      	ST   -Y,R31
0000a9 b7ef      	IN   R30,SREG
0000aa 93ea      	ST   -Y,R30
                 ; 0000 0060 if (tx_counter)
0000ab 2088      	TST  R8
0000ac f061      	BREQ _0xA
                 ; 0000 0061    {
                 ; 0000 0062    --tx_counter;
0000ad 948a      	DEC  R8
                 ; 0000 0063    UDR=tx_buffer[tx_rd_index++];
0000ae 2de9      	MOV  R30,R9
0000af 9493      	INC  R9
0000b0 e0f0      	LDI  R31,0
0000b1 59e8      	SUBI R30,LOW(-_tx_buffer)
0000b2 4ffe      	SBCI R31,HIGH(-_tx_buffer)
0000b3 81e0      	LD   R30,Z
0000b4 b9ec      	OUT  0xC,R30
                 ; 0000 0064 #if TX_BUFFER_SIZE != 256
                 ; 0000 0065    if (tx_rd_index == TX_BUFFER_SIZE) tx_rd_index=0;
0000b5 e0e8      	LDI  R30,LOW(8)
0000b6 15e9      	CP   R30,R9
0000b7 f409      	BRNE _0xB
0000b8 2499      	CLR  R9
                 ; 0000 0066 #endif
                 ; 0000 0067    }
                 _0xB:
                 ; 0000 0068 }
                 _0xA:
0000b9 91e9      	LD   R30,Y+
0000ba bfef      	OUT  SREG,R30
0000bb 91f9      	LD   R31,Y+
0000bc 91e9      	LD   R30,Y+
0000bd 9518      	RETI
                 ; .FEND
                 ;
                 ;#ifndef _DEBUG_TERMINAL_IO_
                 ;// Write a character to the USART Transmitter buffer
                 ;#define _ALTERNATE_PUTCHAR_
                 ;#pragma used+
                 ;void putchar(char c)
                 ; 0000 006F {
                 ; 0000 0070 while (tx_counter == TX_BUFFER_SIZE);
                 ;	c -> Y+0
                 ; 0000 0071 #asm("cli")
                 ; 0000 0072 if (tx_counter || ((UCSRA & DATA_REGISTER_EMPTY)==0))
                 ; 0000 0073    {
                 ; 0000 0074    tx_buffer[tx_wr_index++]=c;
                 ; 0000 0075 #if TX_BUFFER_SIZE != 256
                 ; 0000 0076    if (tx_wr_index == TX_BUFFER_SIZE) tx_wr_index=0;
                 ; 0000 0077 #endif
                 ; 0000 0078    ++tx_counter;
                 ; 0000 0079    }
                 ; 0000 007A else
                 ; 0000 007B    UDR=c;
                 ; 0000 007C #asm("sei")
                 ; 0000 007D }
                 ;#pragma used-
                 ;#endif
                 ;
                 ;// Standard Input/Output functions
                 ;#include <stdio.h>
                 ;
                 ;void main(void)
                 ; 0000 0085 {
                 _main:
                 ; .FSTART _main
                 ; 0000 0086 // Declare your local variables here
                 ; 0000 0087 
                 ; 0000 0088 // Input/Output Ports initialization
                 ; 0000 0089 // Port A initialization
                 ; 0000 008A // Function: Bit7=In Bit6=In Bit5=In Bit4=In Bit3=In Bit2=In Bit1=In Bit0=In
                 ; 0000 008B DDRA=(0<<DDA7) | (0<<DDA6) | (0<<DDA5) | (0<<DDA4) | (0<<DDA3) | (0<<DDA2) | (0<<DDA1) | (0<<DDA0);
0000be e0e0      	LDI  R30,LOW(0)
0000bf bbea      	OUT  0x1A,R30
                 ; 0000 008C // State: Bit7=T Bit6=T Bit5=T Bit4=T Bit3=T Bit2=T Bit1=T Bit0=T
                 ; 0000 008D PORTA=(0<<PORTA7) | (0<<PORTA6) | (0<<PORTA5) | (0<<PORTA4) | (0<<PORTA3) | (0<<PORTA2) | (0<<PORTA1) | (0<<PORTA0);
0000c0 bbeb      	OUT  0x1B,R30
                 ; 0000 008E 
                 ; 0000 008F // Port B initialization
                 ; 0000 0090 // Function: Bit7=In Bit6=In Bit5=In Bit4=In Bit3=In Bit2=In Bit1=In Bit0=In
                 ; 0000 0091 DDRB=(0<<DDB7) | (0<<DDB6) | (0<<DDB5) | (0<<DDB4) | (0<<DDB3) | (0<<DDB2) | (0<<DDB1) | (0<<DDB0);
0000c1 bbe7      	OUT  0x17,R30
                 ; 0000 0092 // State: Bit7=T Bit6=T Bit5=T Bit4=T Bit3=T Bit2=T Bit1=T Bit0=T
                 ; 0000 0093 PORTB=(0<<PORTB7) | (0<<PORTB6) | (0<<PORTB5) | (0<<PORTB4) | (0<<PORTB3) | (0<<PORTB2) | (0<<PORTB1) | (0<<PORTB0);
0000c2 bbe8      	OUT  0x18,R30
                 ; 0000 0094 
                 ; 0000 0095 // Port C initialization
                 ; 0000 0096 // Function: Bit7=In Bit6=In Bit5=In Bit4=In Bit3=In Bit2=In Bit1=In Bit0=In
                 ; 0000 0097 DDRC=(0<<DDC7) | (0<<DDC6) | (0<<DDC5) | (0<<DDC4) | (0<<DDC3) | (0<<DDC2) | (0<<DDC1) | (0<<DDC0);
0000c3 bbe4      	OUT  0x14,R30
                 ; 0000 0098 // State: Bit7=T Bit6=T Bit5=T Bit4=T Bit3=T Bit2=T Bit1=T Bit0=T
                 ; 0000 0099 PORTC=(0<<PORTC7) | (0<<PORTC6) | (0<<PORTC5) | (0<<PORTC4) | (0<<PORTC3) | (0<<PORTC2) | (0<<PORTC1) | (0<<PORTC0);
0000c4 bbe5      	OUT  0x15,R30
                 ; 0000 009A 
                 ; 0000 009B // Port D initialization
                 ; 0000 009C // Function: Bit7=In Bit6=In Bit5=In Bit4=In Bit3=In Bit2=In Bit1=In Bit0=In
                 ; 0000 009D DDRD=(0<<DDD7) | (0<<DDD6) | (0<<DDD5) | (0<<DDD4) | (0<<DDD3) | (0<<DDD2) | (0<<DDD1) | (0<<DDD0);
0000c5 bbe1      	OUT  0x11,R30
                 ; 0000 009E // State: Bit7=T Bit6=T Bit5=T Bit4=T Bit3=T Bit2=T Bit1=T Bit0=T
                 ; 0000 009F PORTD=(0<<PORTD7) | (0<<PORTD6) | (0<<PORTD5) | (0<<PORTD4) | (0<<PORTD3) | (0<<PORTD2) | (0<<PORTD1) | (0<<PORTD0);
0000c6 bbe2      	OUT  0x12,R30
                 ; 0000 00A0 
                 ; 0000 00A1 // USART initialization
                 ; 0000 00A2 // Communication Parameters: 8 Data, 1 Stop, No Parity
                 ; 0000 00A3 // USART Receiver: On
                 ; 0000 00A4 // USART Transmitter: On
                 ; 0000 00A5 // USART Mode: Asynchronous
                 ; 0000 00A6 // USART Baud Rate: 2400
                 ; 0000 00A7 UCSRA=(0<<RXC) | (0<<TXC) | (0<<UDRE) | (0<<FE) | (0<<DOR) | (0<<UPE) | (0<<U2X) | (0<<MPCM);
0000c7 b9eb      	OUT  0xB,R30
                 ; 0000 00A8 UCSRB=(1<<RXCIE) | (1<<TXCIE) | (0<<UDRIE) | (1<<RXEN) | (1<<TXEN) | (0<<UCSZ2) | (0<<RXB8) | (0<<TXB8);
0000c8 ede8      	LDI  R30,LOW(216)
0000c9 b9ea      	OUT  0xA,R30
                 ; 0000 00A9 UCSRC=(1<<URSEL) | (0<<UMSEL) | (0<<UPM1) | (0<<UPM0) | (0<<USBS) | (1<<UCSZ1) | (1<<UCSZ0) | (0<<UCPOL);
0000ca e8e6      	LDI  R30,LOW(134)
0000cb bde0      	OUT  0x20,R30
                 ; 0000 00AA UBRRH=0x00;
0000cc e0e0      	LDI  R30,LOW(0)
0000cd bde0      	OUT  0x20,R30
                 ; 0000 00AB UBRRL=0x19;
0000ce e1e9      	LDI  R30,LOW(25)
0000cf b9e9      	OUT  0x9,R30
                 ; 0000 00AC 
                 ; 0000 00AD // Alphanumeric LCD initialization
                 ; 0000 00AE // Connections are specified in the
                 ; 0000 00AF // Project|Configure|C Compiler|Libraries|Alphanumeric LCD menu:
                 ; 0000 00B0 // RS - PORTA Bit 0
                 ; 0000 00B1 // RD - PORTA Bit 1
                 ; 0000 00B2 // EN - PORTA Bit 2
                 ; 0000 00B3 // D4 - PORTA Bit 4
                 ; 0000 00B4 // D5 - PORTA Bit 5
                 ; 0000 00B5 // D6 - PORTA Bit 6
                 ; 0000 00B6 // D7 - PORTA Bit 7
                 ; 0000 00B7 // Characters/line: 16
                 ; 0000 00B8 lcd_init(16);
0000d0 e1a0      	LDI  R26,LOW(16)
0000d1 d050      	RCALL _lcd_init
                 ; 0000 00B9 
                 ; 0000 00BA // Global enable interrupts
                 ; 0000 00BB #asm("sei")
0000d2 9478      	sei
                 ; 0000 00BC 
                 ; 0000 00BD while (1)
                 _0x14:
                 ; 0000 00BE       {
                 ; 0000 00BF       // Place your code here
                 ; 0000 00C0 
                 ; 0000 00C1       }
0000d3 cfff      	RJMP _0x14
                 ; 0000 00C2 }
                 _0x17:
0000d4 cfff      	RJMP _0x17
                 ; .FEND
                 	#ifndef __SLEEP_DEFINED__
                 	#endif
                 
                 	.DSEG
                 
                 	.CSEG
                 __lcd_write_nibble_G100:
                 ; .FSTART __lcd_write_nibble_G100
0000d5 93aa      	ST   -Y,R26
0000d6 b3eb      	IN   R30,0x1B
0000d7 70ef      	ANDI R30,LOW(0xF)
0000d8 2fae      	MOV  R26,R30
0000d9 81e8      	LD   R30,Y
0000da 7fe0      	ANDI R30,LOW(0xF0)
0000db 2bea      	OR   R30,R26
0000dc bbeb      	OUT  0x1B,R30
                +
0000dd e082     +LDI R24 , LOW ( 2 )
                +__DELAY_USB_LOOP :
0000de 958a     +DEC R24
0000df f7f1     +BRNE __DELAY_USB_LOOP
                 	__DELAY_USB 2
0000e0 9ada      	SBI  0x1B,2
                +
0000e1 e082     +LDI R24 , LOW ( 2 )
                +__DELAY_USB_LOOP :
0000e2 958a     +DEC R24
0000e3 f7f1     +BRNE __DELAY_USB_LOOP
                 	__DELAY_USB 2
0000e4 98da      	CBI  0x1B,2
                +
0000e5 e082     +LDI R24 , LOW ( 2 )
                +__DELAY_USB_LOOP :
0000e6 958a     +DEC R24
0000e7 f7f1     +BRNE __DELAY_USB_LOOP
                 	__DELAY_USB 2
0000e8 c064      	RJMP _0x2080001
                 ; .FEND
                 __lcd_write_data:
                 ; .FSTART __lcd_write_data
0000e9 93aa      	ST   -Y,R26
0000ea 81a8      	LD   R26,Y
0000eb dfe9      	RCALL __lcd_write_nibble_G100
0000ec 81e8          ld    r30,y
0000ed 95e2          swap  r30
0000ee 83e8          st    y,r30
0000ef 81a8      	LD   R26,Y
0000f0 dfe4      	RCALL __lcd_write_nibble_G100
                +
0000f1 e181     +LDI R24 , LOW ( 17 )
                +__DELAY_USB_LOOP :
0000f2 958a     +DEC R24
0000f3 f7f1     +BRNE __DELAY_USB_LOOP
                 	__DELAY_USB 17
0000f4 c058      	RJMP _0x2080001
                 ; .FEND
                 _lcd_gotoxy:
                 ; .FSTART _lcd_gotoxy
0000f5 93aa      	ST   -Y,R26
0000f6 81e8      	LD   R30,Y
0000f7 e0f0      	LDI  R31,0
0000f8 59e0      	SUBI R30,LOW(-__base_y_G100)
0000f9 4ffe      	SBCI R31,HIGH(-__base_y_G100)
0000fa 81e0      	LD   R30,Z
0000fb 81a9      	LDD  R26,Y+1
0000fc 0fae      	ADD  R26,R30
0000fd dfeb      	RCALL __lcd_write_data
0000fe 80b9      	LDD  R11,Y+1
0000ff 80a8      	LDD  R10,Y+0
000100 9622      	ADIW R28,2
000101 9508      	RET
                 ; .FEND
                 _lcd_clear:
                 ; .FSTART _lcd_clear
000102 e0a2      	LDI  R26,LOW(2)
000103 940e 014f 	CALL SUBOPT_0x0
000105 e0ac      	LDI  R26,LOW(12)
000106 dfe2      	RCALL __lcd_write_data
000107 e0a1      	LDI  R26,LOW(1)
000108 940e 014f 	CALL SUBOPT_0x0
00010a e0e0      	LDI  R30,LOW(0)
00010b 2eae      	MOV  R10,R30
00010c 2ebe      	MOV  R11,R30
00010d 9508      	RET
                 ; .FEND
                 _lcd_putchar:
                 ; .FSTART _lcd_putchar
00010e 93aa      	ST   -Y,R26
00010f 81a8      	LD   R26,Y
000110 30aa      	CPI  R26,LOW(0xA)
000111 f011      	BREQ _0x2000005
000112 14bd      	CP   R11,R13
000113 f040      	BRLO _0x2000004
                 _0x2000005:
000114 e0e0      	LDI  R30,LOW(0)
000115 93ea      	ST   -Y,R30
000116 94a3      	INC  R10
000117 2daa      	MOV  R26,R10
000118 dfdc      	RCALL _lcd_gotoxy
000119 81a8      	LD   R26,Y
00011a 30aa      	CPI  R26,LOW(0xA)
00011b f189      	BREQ _0x2080001
                 _0x2000004:
00011c 94b3      	INC  R11
00011d 9ad8      	SBI  0x1B,0
00011e 81a8      	LD   R26,Y
00011f dfc9      	RCALL __lcd_write_data
000120 98d8      	CBI  0x1B,0
000121 c02b      	RJMP _0x2080001
                 ; .FEND
                 _lcd_init:
                 ; .FSTART _lcd_init
000122 93aa      	ST   -Y,R26
000123 b3ea      	IN   R30,0x1A
000124 6fe0      	ORI  R30,LOW(0xF0)
000125 bbea      	OUT  0x1A,R30
000126 9ad2      	SBI  0x1A,2
000127 9ad0      	SBI  0x1A,0
000128 9ad1      	SBI  0x1A,1
000129 98da      	CBI  0x1B,2
00012a 98d8      	CBI  0x1B,0
00012b 98d9      	CBI  0x1B,1
00012c 80d8      	LDD  R13,Y+0
00012d 81e8      	LD   R30,Y
00012e 58e0      	SUBI R30,-LOW(128)
                +
00012f 93e0 0172+STS __base_y_G100 + ( 2 ) , R30
                 	__PUTB1MN __base_y_G100,2
000131 81e8      	LD   R30,Y
000132 54e0      	SUBI R30,-LOW(192)
                +
000133 93e0 0173+STS __base_y_G100 + ( 3 ) , R30
                 	__PUTB1MN __base_y_G100,3
000135 e1a4      	LDI  R26,LOW(20)
000136 e0b0      	LDI  R27,0
000137 940e 015c 	CALL _delay_ms
000139 940e 0155 	CALL SUBOPT_0x1
00013b 940e 0155 	CALL SUBOPT_0x1
00013d 940e 0155 	CALL SUBOPT_0x1
00013f e2a0      	LDI  R26,LOW(32)
000140 df94      	RCALL __lcd_write_nibble_G100
                +
000141 e281     +LDI R24 , LOW ( 33 )
                +__DELAY_USB_LOOP :
000142 958a     +DEC R24
000143 f7f1     +BRNE __DELAY_USB_LOOP
                 	__DELAY_USB 33
000144 e2a8      	LDI  R26,LOW(40)
000145 dfa3      	RCALL __lcd_write_data
000146 e0a4      	LDI  R26,LOW(4)
000147 dfa1      	RCALL __lcd_write_data
000148 e8a5      	LDI  R26,LOW(133)
000149 df9f      	RCALL __lcd_write_data
00014a e0a6      	LDI  R26,LOW(6)
00014b df9d      	RCALL __lcd_write_data
00014c dfb5      	RCALL _lcd_clear
                 _0x2080001:
00014d 9621      	ADIW R28,1
00014e 9508      	RET
                 ; .FEND
                 	#ifndef __SLEEP_DEFINED__
                 	#endif
                 
                 	.CSEG
                 
                 	.CSEG
                 
                 	.CSEG
                 
                 	.DSEG
                 _rx_buffer:
000160           	.BYTE 0x8
                 _tx_buffer:
000168           	.BYTE 0x8
                 __base_y_G100:
000170           	.BYTE 0x4
                 
                 	.CSEG
                 ;OPTIMIZER ADDED SUBROUTINE, CALLED 2 TIMES, CODE SIZE REDUCTION:1 WORDS
                 SUBOPT_0x0:
00014f 940e 00e9 	CALL __lcd_write_data
000151 e0a3      	LDI  R26,LOW(3)
000152 e0b0      	LDI  R27,0
000153 940c 015c 	JMP  _delay_ms
                 
                 ;OPTIMIZER ADDED SUBROUTINE, CALLED 3 TIMES, CODE SIZE REDUCTION:5 WORDS
                 SUBOPT_0x1:
000155 e3a0      	LDI  R26,LOW(48)
000156 940e 00d5 	CALL __lcd_write_nibble_G100
                +
000158 e281     +LDI R24 , LOW ( 33 )
                +__DELAY_USB_LOOP :
000159 958a     +DEC R24
00015a f7f1     +BRNE __DELAY_USB_LOOP
                 	__DELAY_USB 33
00015b 9508      	RET
                 
                 
                 	.CSEG
                 _delay_ms:
00015c 9610      	adiw r26,0
00015d f039      	breq __delay_ms1
                 __delay_ms0:
00015e 95a8      	wdr
                +
00015f ef8a     +LDI R24 , LOW ( 0xFA )
000160 e090     +LDI R25 , HIGH ( 0xFA )
                +__DELAY_USW_LOOP :
000161 9701     +SBIW R24 , 1
000162 f7f1     +BRNE __DELAY_USW_LOOP
                 	__DELAY_USW 0xFA
000163 9711      	sbiw r26,1
000164 f7c9      	brne __delay_ms0
                 __delay_ms1:
000165 9508      	ret
                 
                 ;END OF CODE MARKER
                 __END_OF_CODE:


RESOURCE USE INFORMATION
------------------------

Notice:
The register and instruction counts are symbol table hit counts,
and hence implicitly used resources are not counted, eg, the
'lpm' instruction without operands implicitly uses r0 and z,
none of which are counted.

x,y,z are separate entities in the symbol table and are
counted separately from r26..r31 here.

.dseg memory usage only counts static data declared with .byte

ATmega16 register use summary:
r0 :   6 r1 :   3 r2 :   1 r3 :   0 r4 :   0 r5 :   4 r6 :   0 r7 :   3 
r8 :   2 r9 :   4 r10:   4 r11:   4 r12:   0 r13:   2 r14:   0 r15:   2 
r16:   5 r17:   4 r18:   0 r19:   0 r20:   0 r21:   0 r22:   4 r23:   2 
r24:  23 r25:   5 r26:  37 r27:   6 r28:   3 r29:   1 r30:  86 r31:  13 
x  :   3 y  :  55 z  :  10 
Registers used: 26 out of 35 (74.3%)

ATmega16 instruction use summary:
.lds  :   0 .lds.l:   0 .sts  :   0 .sts.l:   0 adc   :   0 add   :   1 
adiw  :   3 and   :   0 andi  :   3 asr   :   0 bclr  :   0 bld   :   1 
brbc  :   0 brbs  :   0 brcc  :   0 brcs  :   0 break :   0 breq  :   5 
brge  :   0 brhc  :   0 brhs  :   0 brid  :   0 brie  :   0 brlo  :   1 
brlt  :   0 brmi  :   0 brne  :  15 brpl  :   0 brsh  :   0 brtc  :   0 
brts  :   0 brvc  :   0 brvs  :   0 bset  :   0 bst   :   0 call  :   9 
cbi   :   5 cbr   :   0 clc   :   0 clh   :   0 cli   :   1 cln   :   0 
clr   :   5 cls   :   0 clt   :   0 clv   :   0 clz   :   0 com   :   0 
cp    :   4 cpc   :   0 cpi   :   2 cpse  :   0 dec   :   8 des   :   0 
eor   :   0 fmul  :   0 fmuls :   0 fmulsu:   0 icall :   0 ijmp  :   0 
in    :   6 inc   :   5 jmp   :  23 ld    :  29 ldd   :   4 ldi   :  47 
lds   :   0 lpm   :   7 lsl   :   0 lsr   :   0 mov   :   8 movw  :   3 
mul   :   0 muls  :   0 mulsu :   0 neg   :   0 nop   :   0 or    :   1 
ori   :   1 out   :  24 pop   :   0 push  :   0 rcall :  13 ret   :   5 
reti  :   2 rjmp  :   6 rol   :   0 ror   :   0 sbc   :   0 sbci  :   3 
sbi   :   5 sbic  :   0 sbis  :   0 sbiw  :   5 sbr   :   0 sbrc  :   0 
sbrs  :   0 sec   :   0 seh   :   0 sei   :   1 sen   :   0 ser   :   0 
ses   :   0 set   :   1 sev   :   0 sez   :   0 sleep :   0 spm   :   0 
st    :  28 std   :   0 sts   :   2 sub   :   0 subi  :   5 swap  :   1 
tst   :   1 wdr   :   1 
Instructions used: 41 out of 116 (35.3%)

ATmega16 memory use summary [bytes]:
Segment   Begin    End      Code   Data   Used    Size   Use%
---------------------------------------------------------------
[.cseg] 0x000000 0x0002cc    668     48    716   16384   4.4%
[.dseg] 0x000060 0x000174      0     20     20    1024   2.0%
[.eseg] 0x000000 0x000000      0      0      0     512   0.0%

Assembly complete, 0 errors, 9 warnings
